  A   B   C   D   E   F   G 
-----------------------------
| - | - | - | - | - | - | - |
| - | - | - | - | - | - | - |
| - | - | - | - | - | - | - |
| - | - | - | - | - | - | - |
| - | - | - | - | - | - | - |
| - | - | - | - | - | - | - |
-----------------------------
Simulation: 0 / 1000
Simulation: 100 / 1000
Simulation: 200 / 1000
Simulation: 300 / 1000
Simulation: 400 / 1000
Simulation: 500 / 1000
Simulation: 600 / 1000
Simulation: 700 / 1000
Simulation: 800 / 1000
Simulation: 900 / 1000
  A   B   C   D   E   F   G 
-----------------------------
| - | - | - | - | - | - | - |
| - | - | - | - | - | - | - |
| - | - | - | - | - | - | - |
| - | - | - | - | - | - | - |
| - | - | - | - | - | - | - |
| O | - | - | - | - | - | - |
-----------------------------
Simulation: 0 / 1000
